<?xml version="1.0" encoding="UTF-8"?>
<!-- Generated by org.testng.reporters.JUnitReportReporter -->
<testsuite hostname="Nazmuls-MBP" failures="0" tests="1" name="SeleniumFramework01.AppTest" time="0.008" errors="0" timestamp="2023-11-04T21:24:29 GMT-04:00" skipped="0">
  <testcase classname="SeleniumFramework01.AppTest" name="shouldAnswerWithTrue" time="0.008"/>
  <system-out/>
</testsuite> <!-- SeleniumFramework01.AppTest -->
