<?xml version="1.0" encoding="UTF-8"?>
<!-- Generated by org.testng.reporters.JUnitReportReporter -->
<testsuite hostname="Nazmuls-MacBook-Pro.local" failures="0" tests="1" name="SeleniumFramework01.TestThroughPageObject" time="19.004" errors="0" timestamp="2023-11-09T18:08:28 GMT-05:00" skipped="0">
  <testcase classname="SeleniumFramework01.TestThroughPageObject" name="endToendSibmitOrdertTest" time="19.004"/>
  <system-out/>
</testsuite> <!-- SeleniumFramework01.TestThroughPageObject -->
